C:\USERS\MAHDI\DESKTOP\AA\PRACTICA1A\AAPRACTICA1A\DEBUG\AAPRACTICA1A.EXE.INTERMEDIATE.MANIFEST
C:\USERS\MAHDI\DESKTOP\AA\PRACTICA1A\AAPRACTICA1A\DEBUG\EXERCISE.OBJ
C:\USERS\MAHDI\DESKTOP\AA\PRACTICA1A\AAPRACTICA1A\DEBUG\LINSYS.OBJ
C:\USERS\MAHDI\DESKTOP\AA\PRACTICA1A\AAPRACTICA1A\DEBUG\SCENE.OBJ
C:\USERS\MAHDI\DESKTOP\AA\PRACTICA1A\AAPRACTICA1A\DEBUG\TEST.OBJ
C:\USERS\MAHDI\DESKTOP\AA\PRACTICA1A\AAPRACTICA1A\DEBUG\VC100.PDB
C:\USERS\MAHDI\DESKTOP\AA\PRACTICA1A\AAPRACTICA1A\DEBUG\VEC2.OBJ
C:\USERS\MAHDI\DESKTOP\AA\PRACTICA1A\DEBUG\AAPRACTICA1A.EXE
C:\USERS\MAHDI\DESKTOP\AA\PRACTICA1A\DEBUG\AAPRACTICA1A.PDB
C:\USERS\RAQUEL\DOCUMENTS\MASTER\AA\AA\PRACTICA1A\AAPRACTICA1A\DEBUG\AAPRACTICA1A.EXE.INTERMEDIATE.MANIFEST
C:\Users\Raquel\Documents\master\AA\AA\Practica1A\AAPractica1a\Debug\AAPractica1a.vcxprojResolveAssemblyReference.cache
C:\Users\Raquel\Documents\master\AA\AA\Practica1A\AAPractica1a\Debug\AAPractica1a.write.1.tlog
C:\Users\Raquel\Documents\master\AA\AA\Practica1A\AAPractica1a\Debug\cl.command.1.tlog
C:\Users\Raquel\Documents\master\AA\AA\Practica1A\AAPractica1a\Debug\CL.read.1.tlog
C:\Users\Raquel\Documents\master\AA\AA\Practica1A\AAPractica1a\Debug\CL.write.1.tlog
C:\USERS\RAQUEL\DOCUMENTS\MASTER\AA\AA\PRACTICA1A\AAPRACTICA1A\DEBUG\EXERCISE.OBJ
C:\Users\Raquel\Documents\master\AA\AA\Practica1A\AAPractica1a\Debug\link.command.1.tlog
C:\Users\Raquel\Documents\master\AA\AA\Practica1A\AAPractica1a\Debug\link.read.1.tlog
C:\Users\Raquel\Documents\master\AA\AA\Practica1A\AAPractica1a\Debug\link.write.1.tlog
C:\USERS\RAQUEL\DOCUMENTS\MASTER\AA\AA\PRACTICA1A\AAPRACTICA1A\DEBUG\LINSYS.OBJ
C:\Users\Raquel\Documents\master\AA\AA\Practica1A\AAPractica1a\Debug\mt.command.1.tlog
C:\Users\Raquel\Documents\master\AA\AA\Practica1A\AAPractica1a\Debug\mt.read.1.tlog
C:\Users\Raquel\Documents\master\AA\AA\Practica1A\AAPractica1a\Debug\mt.write.1.tlog
C:\USERS\RAQUEL\DOCUMENTS\MASTER\AA\AA\PRACTICA1A\AAPRACTICA1A\DEBUG\SCENE.OBJ
C:\USERS\RAQUEL\DOCUMENTS\MASTER\AA\AA\PRACTICA1A\AAPRACTICA1A\DEBUG\TEST.OBJ
C:\Users\Raquel\Documents\master\AA\AA\Practica1A\AAPractica1a\Debug\vc100.idb
C:\USERS\RAQUEL\DOCUMENTS\MASTER\AA\AA\PRACTICA1A\AAPRACTICA1A\DEBUG\VC100.PDB
C:\USERS\RAQUEL\DOCUMENTS\MASTER\AA\AA\PRACTICA1A\AAPRACTICA1A\DEBUG\VEC2.OBJ
C:\USERS\RAQUEL\DOCUMENTS\MASTER\AA\AA\PRACTICA1A\DEBUG\AAPRACTICA1A.EXE
C:\USERS\RAQUEL\DOCUMENTS\MASTER\AA\AA\PRACTICA1A\DEBUG\AAPRACTICA1A.PDB
